{"name": "test_ValidLogin", "status": "broken", "statusDetails": {"message": "selenium.common.exceptions.TimeoutException: Message:", "trace": "self = <test_Cases.test_Login.Test_001_Login object at 0x10f590370>\nbrowser_setup = <selenium.webdriver.chrome.webdriver.WebDriver (session=\"31de0ad85989a8fcb2bd3b132457178f\")>\n\n    @pytest.mark.test\n    @allure.severity(allure.severity_level.CRITICAL)\n    def test_ValidLogin(self, browser_setup) -> None:\n        self.driver = browser_setup\n        self.logger.info(\"****** Valid login test has started ******\")\n        self.driver.get(self.BaseURL)\n        self.driver.maximize_window()\n        self.LS = LoginScreen(self.driver)\n        self.LS.enterUsername(self.Username)\n        self.LS.enterPassword(self.Password)\n        self.LS.clickSubmitButton()\n        self.LS.verifySuccessfulLogin()\n        self.logger.info(\"******  Valid login has ended ******\")\n    \n        self.logger.info(\"****** Add to cart test has started ******\")\n        self.HS = HomeScreen(self.driver)\n        self.HS.ConfirmHomePage()\n        self.HS.AddItemtoCart()\n        self.HS.VerifyItemAddedtoCart()\n        self.logger.info(\"****** Add to cart has ended ******\")\n    \n        self.logger.info(\"****** Cart contents check test has started ******\")\n        self.ICS = InCartScreen(self.driver)\n        self.ICS.enterTheCart()\n        self.ICS.checkItemInCart()\n        self.ICS.checkoutButton()\n        self.logger.info(\"****** Cart contents check has ended ******\")\n    \n        self.logger.info(\"****** Checkout info page test has started ******\")\n        self.CIS = CheckoutInfoScreen(self.driver)\n        self.CIS.confirmCheckoutInformation()\n        self.CIS.enterFirstname(self.Firstname)\n        self.CIS.enterLastname(self.Lastname)\n        self.CIS.enterPostalCode(self.PostalCode)\n        self.CIS.clickContinueButton()\n        self.logger.info(\"****** Checkout info page test has ended ******\")\n    \n        self.logger.info(\"****** Checkout Overview page test has started ******\")\n        self.COS = CheckoutOverviewScreen(self.driver)\n        self.COS.confirmCheckoutOverview()\n        self.COS.confirmItemPrices()\n        self.COS.clickFinishbutton()\n        self.logger.info(\"****** Checkout Overview  page test has ended ******\")\n    \n        self.logger.info(\"****** Order placed page test has started ******\")\n        self.OPS = OrderPlacedScreen(self.driver)\n>       self.OPS.completeCheckout()\n\ntest_Cases/test_Login.py:90: \n_ _ _ _ _ _ _ _ _ _ _ _ _ _ _ _ _ _ _ _ _ _ _ _ _ _ _ _ _ _ _ _ _ _ _ _ _ _ _ _ _ _ _ _ _ _ _ _ _ _ _ _ _ _ _ _ _ _ _ _ _ _ _ _ _ _ _ _ _ _ _ _ _ _ _ _ _ _ _ _ _ _ _ _ _ _ \nScreens/OrderPlacedScreen.py:34: in completeCheckout\n    cancel = wait.until(EC.element_to_be_clickable((By.XPATH, self.cancelButton_xpath)))\n_ _ _ _ _ _ _ _ _ _ _ _ _ _ _ _ _ _ _ _ _ _ _ _ _ _ _ _ _ _ _ _ _ _ _ _ _ _ _ _ _ _ _ _ _ _ _ _ _ _ _ _ _ _ _ _ _ _ _ _ _ _ _ _ _ _ _ _ _ _ _ _ _ _ _ _ _ _ _ _ _ _ _ _ _ _ \n\nself = <selenium.webdriver.support.wait.WebDriverWait (session=\"31de0ad85989a8fcb2bd3b132457178f\")>\nmethod = <selenium.webdriver.support.expected_conditions.element_to_be_clickable object at 0x10f66a6a0>, message = ''\n\n    def until(self, method, message=''):\n        \"\"\"Calls the method provided with the driver as an argument until the \\\n        return value is not False.\"\"\"\n        screen = None\n        stacktrace = None\n    \n        end_time = time.time() + self._timeout\n        while True:\n            try:\n                value = method(self._driver)\n                if value:\n                    return value\n            except self._ignored_exceptions as exc:\n                screen = getattr(exc, 'screen', None)\n                stacktrace = getattr(exc, 'stacktrace', None)\n            time.sleep(self._poll)\n            if time.time() > end_time:\n                break\n>       raise TimeoutException(message, screen, stacktrace)\nE       selenium.common.exceptions.TimeoutException: Message:\n\nvenv/lib/python3.9/site-packages/selenium/webdriver/support/wait.py:80: TimeoutException"}, "attachments": [{"name": "Successful Login", "source": "da453b97-0714-4441-adcf-0488e3c70cd7-attachment.png", "type": "image/png"}, {"name": "Logout Menu successfully displayed", "source": "e8d23cb3-6675-44fa-8c92-1970feb548f1-attachment.png", "type": "image/png"}, {"name": "Item added to cart Successfully", "source": "ccbdcefe-91cc-4e66-9b6f-695550c35271-attachment.png", "type": "image/png"}, {"name": "Item is located in the cart.", "source": "00bc9231-5cb5-4de1-ae34-db194afc2dee-attachment.png", "type": "image/png"}, {"name": "Checkout Information Page", "source": "8dd01402-d714-4c26-bd4f-7f1a2ffa1b56-attachment.png", "type": "image/png"}, {"name": "Overview Page loaded", "source": "93aca788-4992-43c9-aeb5-e255d313d154-attachment.png", "type": "image/png"}, {"name": "log", "source": "484ed248-f099-45f9-920a-6562f60507e7-attachment.txt", "type": "text/plain"}], "start": 1658593928043, "stop": 1658593962503, "uuid": "0ad4943c-e591-41f3-86c7-eb154b722c1a", "historyId": "6165604e32694c7ef021366849845f7c", "testCaseId": "1499e15fa19d85616522f52e278e3370", "fullName": "test_Cases.test_Login.Test_001_Login#test_ValidLogin", "labels": [{"name": "severity", "value": "critical"}, {"name": "tag", "value": "test"}, {"name": "parentSuite", "value": "test_Cases"}, {"name": "suite", "value": "test_Login"}, {"name": "subSuite", "value": "Test_001_Login"}, {"name": "host", "value": "Umshini-KaBafo.local"}, {"name": "thread", "value": "40989-MainThread"}, {"name": "framework", "value": "pytest"}, {"name": "language", "value": "cpython3"}, {"name": "package", "value": "test_Cases.test_Login"}]}